[debug] [2025-05-21T19:21:07.552Z] ----------------------------------------------------------------------
[debug] [2025-05-21T19:21:07.559Z] Command:       /usr/local/bin/node /usr/local/bin/firebase init
[debug] [2025-05-21T19:21:07.559Z] CLI Version:   14.4.0
[debug] [2025-05-21T19:21:07.559Z] Platform:      darwin
[debug] [2025-05-21T19:21:07.559Z] Node Version:  v22.15.1
[debug] [2025-05-21T19:21:07.559Z] Time:          Wed May 21 2025 22:21:07 GMT+0300 (Eastern European Summer Time)
[debug] [2025-05-21T19:21:07.559Z] ----------------------------------------------------------------------
[debug] 
[debug] [2025-05-21T19:21:07.562Z] > command requires scopes: ["email","openid","https://www.googleapis.com/auth/cloudplatformprojects.readonly","https://www.googleapis.com/auth/firebase","https://www.googleapis.com/auth/cloud-platform"]
[debug] [2025-05-21T19:21:07.563Z] > authorizing via signed-in user (ihab.n.124@gmail.com)
[info] 
     ######## #### ########  ######## ########     ###     ######  ########
     ##        ##  ##     ## ##       ##     ##  ##   ##  ##       ##
     ######    ##  ########  ######   ########  #########  ######  ######
     ##        ##  ##    ##  ##       ##     ## ##     ##       ## ##
     ##       #### ##     ## ######## ########  ##     ##  ######  ########

You're about to initialize a Firebase project in this directory:

  /Users/nadeen/sba-practice-app

[info] 
=== Project Setup
[info] 
[info] First, let's associate this project directory with a Firebase project.
[info] You can create multiple project aliases by running firebase use --add, 
[info] but for now we'll just set up a default project.
[info] 
[debug] [2025-05-21T19:26:55.499Z] Checked if tokens are valid: true, expires at: 1747858737606
[debug] [2025-05-21T19:26:55.501Z] Checked if tokens are valid: true, expires at: 1747858737606
[debug] [2025-05-21T19:26:55.505Z] >>> [apiv2][query] GET https://firebase.googleapis.com/v1beta1/projects pageSize=100
[debug] [2025-05-21T19:26:56.263Z] <<< [apiv2][status] GET https://firebase.googleapis.com/v1beta1/projects 200
[debug] [2025-05-21T19:26:56.263Z] <<< [apiv2][body] GET https://firebase.googleapis.com/v1beta1/projects [omitted]
[info] i  Using project sba-practice-app (sba-practice-app) 
[info] 
=== Hosting Setup
[debug] [2025-05-21T19:26:57.471Z] Checked if tokens are valid: true, expires at: 1747858737606
[debug] [2025-05-21T19:26:57.471Z] Checked if tokens are valid: true, expires at: 1747858737606
[debug] [2025-05-21T19:26:57.471Z] >>> [apiv2][query] GET https://firebase.googleapis.com/v1beta1/projects/sba-practice-app [none]
[debug] [2025-05-21T19:26:58.034Z] <<< [apiv2][status] GET https://firebase.googleapis.com/v1beta1/projects/sba-practice-app 200
[debug] [2025-05-21T19:26:58.035Z] <<< [apiv2][body] GET https://firebase.googleapis.com/v1beta1/projects/sba-practice-app {"projectId":"sba-practice-app","projectNumber":"539429102950","displayName":"sba-practice-app","name":"projects/sba-practice-app","resources":{"hostingSite":"sba-practice-app"},"state":"ACTIVE","etag":"1_9bd1d8a8-eb8d-4077-9fa3-f3cadc260185"}
[info] 
[info] Your public directory is the folder (relative to your project directory) that
[info] will contain Hosting assets to be uploaded with firebase deploy. If you
[info] have a build process for your assets, use your build's output directory.
[info] 
[info] ✔  Wrote build/404.html 
[debug] [2025-05-21T19:31:22.694Z] >>> [apiv2][query] GET https://www.gstatic.com/firebasejs/releases.json [none]
[debug] [2025-05-21T19:31:22.913Z] <<< [apiv2][status] GET https://www.gstatic.com/firebasejs/releases.json 200
[debug] [2025-05-21T19:31:22.913Z] <<< [apiv2][body] GET https://www.gstatic.com/firebasejs/releases.json {"current":{"version":"11.8.0","browserURL":"https://www.gstatic.com/firebasejs/11.8.0/firebase.js","packageURL":"https://www.gstatic.com/firebasejs/11.8.0/firebase.tgz"},"live":{"version":"11.8","browserURL":"https://www.gstatic.com/firebasejs/live/11.8/firebase.js","packageURL":"https://www.gstatic.com/firebasejs/live/11.8/firebase.tgz"},"components":{"ai":"https://www.gstatic.com/firebasejs/11.8.0/firebase-ai.js","analytics":"https://www.gstatic.com/firebasejs/11.8.0/firebase-analytics.js","app":"https://www.gstatic.com/firebasejs/11.8.0/firebase-app.js","app-check":"https://www.gstatic.com/firebasejs/11.8.0/firebase-app-check.js","auth":"https://www.gstatic.com/firebasejs/11.8.0/firebase-auth.js","auth/cordova":"https://www.gstatic.com/firebasejs/11.8.0/firebase-auth/cordova.js","auth/web-extension":"https://www.gstatic.com/firebasejs/11.8.0/firebase-auth/web-extension.js","functions":"https://www.gstatic.com/firebasejs/11.8.0/firebase-functions.js","firestore":"https://www.gstatic.com/firebasejs/11.8.0/firebase-firestore.js","firestore/lite":"https://www.gstatic.com/firebasejs/11.8.0/firebase-firestore/lite.js","installations":"https://www.gstatic.com/firebasejs/11.8.0/firebase-installations.js","storage":"https://www.gstatic.com/firebasejs/11.8.0/firebase-storage.js","performance":"https://www.gstatic.com/firebasejs/11.8.0/firebase-performance.js","remote-config":"https://www.gstatic.com/firebasejs/11.8.0/firebase-remote-config.js","messaging":"https://www.gstatic.com/firebasejs/11.8.0/firebase-messaging.js","messaging/sw":"https://www.gstatic.com/firebasejs/11.8.0/firebase-messaging/sw.js","database":"https://www.gstatic.com/firebasejs/11.8.0/firebase-database.js","vertexai":"https://www.gstatic.com/firebasejs/11.8.0/firebase-vertexai.js","data-connect":"https://www.gstatic.com/firebasejs/11.8.0/firebase-data-connect.js","firestore.memory":"https://www.gstatic.com/firebasejs/11.8.0/firebase-firestore.memory.js"}}
[info] ✔  Wrote build/index.html 
[info] 
[info] i  Detected a .git folder at /Users/nadeen/sba-practice-app 
[info] i  Authorizing with GitHub to upload your service account to a GitHub repository's secrets store. 
[info] 
[info] Visit this URL on this device to log in:
[info] https://github.com/login/oauth/authorize?client_id=89cf50f02ac6aaed3484&state=757131876&redirect_uri=http%3A%2F%2Flocalhost%3A9005&scope=read%3Auser%20repo%20public_repo
[info] 
[info] Waiting for authentication...
